<!DOCTYPE html PUBLIC "-//W3C//DTD XHTML 1.1//EN" "http://www.w3.org/TR/xhtml11/DTD/xhtml11.dtd">
<html xmlns="http://www.w3.org/1999/xhtml">
<head>
<meta charset='utf-8'>
<title>TestNG Report</title>
<style type="text/css">
table {margin-bottom:10px;border-collapse:collapse;empty-cells:show}
td,th {border:1px solid #009;padding:.25em .5em}
.result th {vertical-align:bottom}
.param th {padding-left:1em;padding-right:1em}
.param td {padding-left:.5em;padding-right:2em}
.stripe td,.stripe th {background-color: #E6EBF9}
.numi,.numi_attn {text-align:right}
.total td {font-weight:bold}
.passedodd td {background-color: #0A0}
.passedeven td {background-color: #3F3}
.skippedodd td {background-color: #CCC}
.skippedodd td {background-color: #DDD}
.failedodd td,.numi_attn {background-color: #F33}
.failedeven td,.stripe .numi_attn {background-color: #D00}
.stacktrace {white-space:pre;font-family:monospace}
.totop {font-size:85%;text-align:center;border-bottom:2px solid #000}
</style>
</head>
<body>
<table cellspacing="0" cellpadding="0" class="testOverview">
<tr><th>Test</th><th>Methods<br/>Passed</th><th>Scenarios<br/>Passed</th><th># skipped</th><th># failed</th><th>Total<br/>Time</th><th>Included<br/>Groups</th><th>Excluded<br/>Groups</th></tr>
<tr><td style="text-align:left;padding-right:2em"><a href="#t1">To-Do Application Test</a></td><td class="numi">9</td><td class="numi">9</td><td class="numi">0</td><td class="numi_attn">2</td><td class="numi">43.7 seconds</td><td class="numi"></td><td class="numi"></td></tr>
</table>
<table cellspacing="0" cellpadding="0" class="methodOverview" id="summary">
<tr><th>Class</th><th>Method</th><th># of<br/>Scenarios</th><th>Start</th><th>Time<br/>(ms)</th></tr>
<tr id="t1"><th colspan="5">To-Do Application Test &#8212; failed</th></tr>
<tr class="failedodd"><td rowspan="2">user.RegisterUser</td><td><a href="#m1"><b>userRegisterNegative</b>  </a></td><td class="numi">1</td><td>1649056260468</td><td class="numi">1600</td></tr><tr class="failedodd"><td><a href="#m2"><b>userLoginNegative</b>  </a></td><td class="numi">1</td><td>1649056263925</td><td class="numi">1558</td></tr>
<tr><th colspan="5">To-Do Application Test &#8212; passed</th></tr>
<tr class="passedodd"><td rowspan="4">user.RegisterUser</td><td><a href="#m3"><b>userRegister</b>  </a></td><td class="numi">1</td><td>1649056257159</td><td class="numi">2902</td></tr><tr class="passedodd"><td><a href="#m4"><b>userRegistrationValidate</b>  </a></td><td class="numi">1</td><td>1649056260063</td><td class="numi">405</td></tr><tr class="passedodd"><td><a href="#m5"><b>userLogin</b>  </a></td><td class="numi">1</td><td>1649056262076</td><td class="numi">1831</td></tr><tr class="passedodd"><td><a href="#m6"><b>userLoginValidate</b>  </a></td><td class="numi">1</td><td>1649056263908</td><td class="numi">17</td></tr>
<tr class="passedeven"><td rowspan="2">user.UserTask</td><td><a href="#m7"><b>getTask</b>  </a></td><td class="numi">1</td><td>1649056265487</td><td class="numi">29951</td></tr><tr class="passedeven"><td><a href="#m8"><b>validateTask</b>  </a></td><td class="numi">1</td><td>1649056295438</td><td class="numi">23</td></tr>
<tr class="passedodd"><td rowspan="3">user.Pagination</td><td><a href="#m9"><b>paginationLimit_2</b>  </a></td><td class="numi">1</td><td>1649056295479</td><td class="numi">1329</td></tr><tr class="passedodd"><td><a href="#m10"><b>paginationLimit_5</b>  </a></td><td class="numi">1</td><td>1649056296809</td><td class="numi">1321</td></tr><tr class="passedodd"><td><a href="#m11"><b>paginationLimit_10</b>  </a></td><td class="numi">1</td><td>1649056298130</td><td class="numi">1414</td></tr>
</table>
<h1>To-Do Application Test</h1>
<h2 id="m1">user.RegisterUser:userRegisterNegative</h2>
<div>
<div class="stacktrace">java.lang.AssertionError: 1 expectation failed.
Expected status code &lt;201&gt; but was &lt;400&gt;.

	at org.codehaus.groovy.runtime.callsite.ConstructorSite$ConstructorSiteNoUnwrapNoCoerce.callConstructor(ConstructorSite.java:105)
	at org.codehaus.groovy.runtime.callsite.CallSiteArray.defaultCallConstructor(CallSiteArray.java:59)
	at org.codehaus.groovy.runtime.callsite.AbstractCallSite.callConstructor(AbstractCallSite.java:263)
	at org.codehaus.groovy.runtime.callsite.AbstractCallSite.callConstructor(AbstractCallSite.java:277)
	at io.restassured.internal.ResponseSpecificationImpl$HamcrestAssertionClosure.validate(ResponseSpecificationImpl.groovy:493)
	at io.restassured.internal.ResponseSpecificationImpl$HamcrestAssertionClosure$validate$1.call(Unknown Source)
	at io.restassured.internal.ResponseSpecificationImpl.validateResponseIfRequired(ResponseSpecificationImpl.groovy:674)
	at org.codehaus.groovy.runtime.callsite.PlainObjectMetaMethodSite.doInvoke(PlainObjectMetaMethodSite.java:43)
	at org.codehaus.groovy.runtime.callsite.PogoMetaMethodSite$PogoCachedMethodSiteNoUnwrapNoCoerce.invoke(PogoMetaMethodSite.java:193)
	at org.codehaus.groovy.runtime.callsite.PogoMetaMethodSite.callCurrent(PogoMetaMethodSite.java:61)
	at org.codehaus.groovy.runtime.callsite.AbstractCallSite.callCurrent(AbstractCallSite.java:185)
	at io.restassured.internal.ResponseSpecificationImpl.statusCode(ResponseSpecificationImpl.groovy:126)
	at io.restassured.specification.ResponseSpecification$statusCode$0.callCurrent(Unknown Source)
	at io.restassured.internal.ResponseSpecificationImpl.statusCode(ResponseSpecificationImpl.groovy:134)
	at io.restassured.internal.ValidatableResponseOptionsImpl.statusCode(ValidatableResponseOptionsImpl.java:89)
	at io.restassured.internal.ValidatableResponseImpl.super$2$statusCode(ValidatableResponseImpl.groovy)
	at groovy.lang.MetaMethod.doMethodInvoke(MetaMethod.java:323)
	at groovy.lang.MetaClassImpl.invokeMethod(MetaClassImpl.java:1268)
	at org.codehaus.groovy.runtime.ScriptBytecodeAdapter.invokeMethodOnSuperN(ScriptBytecodeAdapter.java:144)
	at io.restassured.internal.ValidatableResponseImpl.statusCode(ValidatableResponseImpl.groovy:142)
	at io.restassured.internal.ValidatableResponseImpl.statusCode(ValidatableResponseImpl.groovy)
	at user.RegisterUser.userRegisterNegative(RegisterUser.java:122)
	at com.intellij.rt.testng.IDEARemoteTestNG.run(IDEARemoteTestNG.java:66)
	at com.intellij.rt.testng.RemoteTestNGStarter.main(RemoteTestNGStarter.java:109)
... Removed 37 stack frames</div>
</div>
<p class="totop"><a href="#summary">back to summary</a></p>
<h2 id="m2">user.RegisterUser:userLoginNegative</h2>
<div>
<div class="stacktrace">java.lang.AssertionError: 1 expectation failed.
Expected status code &lt;200&gt; but was &lt;400&gt;.

	at org.codehaus.groovy.runtime.callsite.ConstructorSite$ConstructorSiteNoUnwrapNoCoerce.callConstructor(ConstructorSite.java:105)
	at org.codehaus.groovy.runtime.callsite.AbstractCallSite.callConstructor(AbstractCallSite.java:277)
	at io.restassured.internal.ResponseSpecificationImpl$HamcrestAssertionClosure.validate(ResponseSpecificationImpl.groovy:493)
	at io.restassured.internal.ResponseSpecificationImpl$HamcrestAssertionClosure$validate$1.call(Unknown Source)
	at io.restassured.internal.ResponseSpecificationImpl.validateResponseIfRequired(ResponseSpecificationImpl.groovy:674)
	at org.codehaus.groovy.runtime.callsite.PlainObjectMetaMethodSite.doInvoke(PlainObjectMetaMethodSite.java:43)
	at org.codehaus.groovy.runtime.callsite.PogoMetaMethodSite$PogoCachedMethodSiteNoUnwrapNoCoerce.invoke(PogoMetaMethodSite.java:193)
	at org.codehaus.groovy.runtime.callsite.PogoMetaMethodSite.callCurrent(PogoMetaMethodSite.java:61)
	at org.codehaus.groovy.runtime.callsite.AbstractCallSite.callCurrent(AbstractCallSite.java:185)
	at io.restassured.internal.ResponseSpecificationImpl.statusCode(ResponseSpecificationImpl.groovy:126)
	at io.restassured.specification.ResponseSpecification$statusCode$0.callCurrent(Unknown Source)
	at io.restassured.internal.ResponseSpecificationImpl.statusCode(ResponseSpecificationImpl.groovy:134)
	at io.restassured.internal.ValidatableResponseOptionsImpl.statusCode(ValidatableResponseOptionsImpl.java:89)
	at io.restassured.internal.ValidatableResponseImpl.super$2$statusCode(ValidatableResponseImpl.groovy)
	at groovy.lang.MetaMethod.doMethodInvoke(MetaMethod.java:323)
	at groovy.lang.MetaClassImpl.invokeMethod(MetaClassImpl.java:1268)
	at org.codehaus.groovy.runtime.ScriptBytecodeAdapter.invokeMethodOnSuperN(ScriptBytecodeAdapter.java:144)
	at io.restassured.internal.ValidatableResponseImpl.statusCode(ValidatableResponseImpl.groovy:142)
	at io.restassured.internal.ValidatableResponseImpl.statusCode(ValidatableResponseImpl.groovy)
	at user.RegisterUser.userLoginNegative(RegisterUser.java:173)
	at com.intellij.rt.testng.IDEARemoteTestNG.run(IDEARemoteTestNG.java:66)
	at com.intellij.rt.testng.RemoteTestNGStarter.main(RemoteTestNGStarter.java:109)
... Removed 37 stack frames</div>
</div>
<p class="totop"><a href="#summary">back to summary</a></p>
<h2 id="m3">user.RegisterUser:userRegistrationValidate</h2>
<p class="totop"><a href="#summary">back to summary</a></p>
<h2 id="m4">user.RegisterUser:userRegister</h2>
<p class="totop"><a href="#summary">back to summary</a></p>
<h2 id="m5">user.Pagination:paginationLimit_2</h2>
<p class="totop"><a href="#summary">back to summary</a></p>
<h2 id="m6">user.RegisterUser:userLogin</h2>
<p class="totop"><a href="#summary">back to summary</a></p>
<h2 id="m7">user.RegisterUser:userLoginValidate</h2>
<p class="totop"><a href="#summary">back to summary</a></p>
<h2 id="m8">user.UserTask:validateTask</h2>
<p class="totop"><a href="#summary">back to summary</a></p>
<h2 id="m9">user.Pagination:paginationLimit_5</h2>
<p class="totop"><a href="#summary">back to summary</a></p>
<h2 id="m10">user.Pagination:paginationLimit_10</h2>
<p class="totop"><a href="#summary">back to summary</a></p>
<h2 id="m11">user.UserTask:getTask</h2>
<p class="totop"><a href="#summary">back to summary</a></p>
</body></html>
